Using pre-set license

 COMMAND LINE ARGUMENTS:
/Applications/Unity/Hub/Editor/2020.3.2f1/Unity.app/Contents/MacOS/Unity
-adb2
-batchMode
-noUpm
-name
AssetImportWorker0
-projectPath
/Users/anastasia/DungeonEscape
-logFile
Logs/AssetImportWorker0.log
-srvPort
64268
Successfully changed project path to: /Users/anastasia/DungeonEscape
/Users/anastasia/DungeonEscape
Using Asset Import Pipeline V2.
Refreshing native plugins compatible for Editor in 40.14 ms, found 1 plugins.
Preloading 0 native plugins for Editor in 0.00 ms.
Initialize engine version: 2020.3.2f1 (8fd9074bf66c)
[Subsystems] Discovering subsystems at path /Applications/Unity/Hub/Editor/2020.3.2f1/Unity.app/Contents/Resources/UnitySubsystems
[Subsystems] Discovering subsystems at path /Users/anastasia/DungeonEscape/Assets
GfxDevice: creating device client; threaded=0
2021-06-07 11:53:44.650 Unity[38349:3330387] Color LCD preferred device: AMD Radeon Pro 555 (high power)
2021-06-07 11:53:44.650 Unity[38349:3330387] Metal devices available: 2
2021-06-07 11:53:44.650 Unity[38349:3330387] 0: AMD Radeon Pro 555 (high power)
2021-06-07 11:53:44.650 Unity[38349:3330387] 1: Intel(R) HD Graphics 630 (low power)
2021-06-07 11:53:44.651 Unity[38349:3330387] Using device AMD Radeon Pro 555 (high power)
Initializing Metal device caps: AMD Radeon Pro 555
Shader 'Custom/AdditiveTintable': fallback shader 'Particles/Additive (Soft)' not found
Initialize mono
Mono path[0] = '/Applications/Unity/Hub/Editor/2020.3.2f1/Unity.app/Contents/Managed'
Mono path[1] = '/Applications/Unity/Hub/Editor/2020.3.2f1/Unity.app/Contents/MonoBleedingEdge/lib/mono/unityjit'
Mono config path = '/Applications/Unity/Hub/Editor/2020.3.2f1/Unity.app/Contents/MonoBleedingEdge/etc'
Using monoOptions --debugger-agent=transport=dt_socket,embedding=1,server=y,suspend=n,address=127.0.0.1:56349
Begin MonoManager ReloadAssembly
Registering precompiled unity dll's ...
Register platform support module: /Applications/Unity/Hub/Editor/2020.3.2f1/PlaybackEngines/WebGLSupport/UnityEditor.WebGL.Extensions.dll
Register platform support module: /Applications/Unity/Hub/Editor/2020.3.2f1/Unity.app/Contents/PlaybackEngines/MacStandaloneSupport/UnityEditor.OSXStandalone.Extensions.dll
Registered in 0.009509 seconds.
Native extension for OSXStandalone target not found
Native extension for WebGL target not found
Refreshing native plugins compatible for Editor in 34.59 ms, found 1 plugins.
Preloading 0 native plugins for Editor in 0.00 ms.
Invoked RoslynAnalysisRunner static constructor.
RoslynAnalysisRunner will not be running.
RoslynAnalysisRunner has terminated.
Mono: successfully reloaded assembly
- Completed reload, in  2.457 seconds
Platform modules already initialized, skipping
Registering precompiled user dll's ...
Registered in 0.001303 seconds.
Begin MonoManager ReloadAssembly
Native extension for OSXStandalone target not found
Native extension for WebGL target not found
Refreshing native plugins compatible for Editor in 33.66 ms, found 1 plugins.
Preloading 0 native plugins for Editor in 0.00 ms.
Invoked RoslynAnalysisRunner static constructor.
RoslynAnalysisRunner will not be running.
RoslynAnalysisRunner has terminated.
Mono: successfully reloaded assembly
- Completed reload, in  1.484 seconds
Platform modules already initialized, skipping
========================================================================
Worker process is ready to serve import requests
Shader 'Custom/AdditiveTintable': fallback shader 'Particles/Additive (Soft)' not found
Launching external process: /Applications/Unity/Hub/Editor/2020.3.2f1/Unity.app/Contents/Tools/UnityShaderCompiler
Launched and connected shader compiler UnityShaderCompiler after 0.01 seconds
Refreshing native plugins compatible for Editor in 0.34 ms, found 1 plugins.
Preloading 0 native plugins for Editor in 0.00 ms.
Unloading 1347 Unused Serialized files (Serialized files now loaded: 0)
System memory in use before: 164.5 MB.
System memory in use after: 164.4 MB.

Unloading 22 unused Assets to reduce memory usage. Loaded Objects now: 1827.
Total: 3.331364 ms (FindLiveObjects: 0.320706 ms CreateObjectMapping: 0.174707 ms MarkObjects: 2.551684 ms  DeleteObjects: 0.282172 ms)

========================================================================
Received Import Request.
  path: Assets/StarSparrow/Meshes/StarSparrowModules.FBX
  artifactKey: Guid(71e6e8f0e9dd9164da8d88a237ed787b) Importer(815301076,1909f56bfc062723c751e8b465ee728b)
Start importing Assets/StarSparrow/Meshes/StarSparrowModules.FBX using Guid(71e6e8f0e9dd9164da8d88a237ed787b) Importer(815301076,1909f56bfc062723c751e8b465ee728b)  -> (artifact id: '8072728a5652de16b200370baf386bc2') in 2.126972 seconds
  Import took 2.130944 seconds .

========================================================================
Received Import Request.
  Time since last request: 0.000238 seconds.
  path: Assets/StarSparrow/Meshes/StarSparrowExamples2.FBX
  artifactKey: Guid(21c6d0bb8170cae4f9d49bb728b3f524) Importer(815301076,1909f56bfc062723c751e8b465ee728b)
Start importing Assets/StarSparrow/Meshes/StarSparrowExamples2.FBX using Guid(21c6d0bb8170cae4f9d49bb728b3f524) Importer(815301076,1909f56bfc062723c751e8b465ee728b)  -> (artifact id: 'b97be386ba37487f7b0cba94f5146063') in 0.106093 seconds
  Import took 0.109595 seconds .

========================================================================
Received Import Request.
  Time since last request: 0.000211 seconds.
  path: Assets/StarSparrow/Meshes/StarSparrowExamples1.FBX
  artifactKey: Guid(e0f90ad78680d6145b082ac69f7fc504) Importer(815301076,1909f56bfc062723c751e8b465ee728b)
Start importing Assets/StarSparrow/Meshes/StarSparrowExamples1.FBX using Guid(e0f90ad78680d6145b082ac69f7fc504) Importer(815301076,1909f56bfc062723c751e8b465ee728b)  -> (artifact id: '364b381dc558dac761d3ac4f4e916979') in 0.123801 seconds
  Import took 0.126809 seconds .

========================================================================
Received Import Request.
  Time since last request: 0.203385 seconds.
  path: Assets/New Material.mat
  artifactKey: Guid(96c28f16c6c014a60b7a5ee9684cdb6a) Importer(815301076,1909f56bfc062723c751e8b465ee728b)
Start importing Assets/New Material.mat using Guid(96c28f16c6c014a60b7a5ee9684cdb6a) Importer(815301076,1909f56bfc062723c751e8b465ee728b)  -> (artifact id: '4670a64f712f50ca02b0a0b994630e87') in 0.496941 seconds
  Import took 0.500261 seconds .

========================================================================
Received Import Request.
  Time since last request: 22.628263 seconds.
  path: Assets/prefabs/EnemyShip.prefab
  artifactKey: Guid(71e0d441320c54983b5a4dc87d163743) Importer(815301076,1909f56bfc062723c751e8b465ee728b)
Start importing Assets/prefabs/EnemyShip.prefab using Guid(71e0d441320c54983b5a4dc87d163743) Importer(815301076,1909f56bfc062723c751e8b465ee728b)  -> (artifact id: 'fdfaae4b1d8ff7059ca7df26f8db7525') in 0.203615 seconds
  Import took 0.207051 seconds .

========================================================================
Received Import Request.
  Time since last request: 0.136428 seconds.
  path: Assets/prefabs/EnemyShip.prefab
  artifactKey: Guid(71e0d441320c54983b5a4dc87d163743) Importer(815301076,1909f56bfc062723c751e8b465ee728b)
Start importing Assets/prefabs/EnemyShip.prefab using Guid(71e0d441320c54983b5a4dc87d163743) Importer(815301076,1909f56bfc062723c751e8b465ee728b)  -> (artifact id: 'fdfaae4b1d8ff7059ca7df26f8db7525') in 0.008903 seconds
  Import took 0.012119 seconds .

========================================================================
Received Import Request.
  Time since last request: 59.119358 seconds.
  path: Assets/Enemy_Spikeball/3dobjects/spikeball_big.fbx
  artifactKey: Guid(c44363b453ebf2c4080d46d933cb73eb) Importer(815301076,1909f56bfc062723c751e8b465ee728b)
Start importing Assets/Enemy_Spikeball/3dobjects/spikeball_big.fbx using Guid(c44363b453ebf2c4080d46d933cb73eb) Importer(815301076,1909f56bfc062723c751e8b465ee728b)  -> (artifact id: '4a4f3b87dc3df5d3f0f821484c795ef4') in 0.954129 seconds
  Import took 0.957609 seconds .

========================================================================
Received Import Request.
  Time since last request: 0.000281 seconds.
  path: Assets/Enemy_Spikeball/3dobjects/spikeball_small.fbx
  artifactKey: Guid(51133ebca86c2ad42a8acd5ba0f27df1) Importer(815301076,1909f56bfc062723c751e8b465ee728b)
Start importing Assets/Enemy_Spikeball/3dobjects/spikeball_small.fbx using Guid(51133ebca86c2ad42a8acd5ba0f27df1) Importer(815301076,1909f56bfc062723c751e8b465ee728b)  -> (artifact id: '3dc13590b2db7e48c381105e6393846d') in 0.072333 seconds
  Import took 0.076164 seconds .

========================================================================
Received Import Request.
  Time since last request: 0.003349 seconds.
  path: Assets/Enemy_Spikeball/Prefabs/Spikeball_Small.prefab
  artifactKey: Guid(8f445961f3af4734eab6b615aef5f1e5) Importer(815301076,1909f56bfc062723c751e8b465ee728b)
Start importing Assets/Enemy_Spikeball/Prefabs/Spikeball_Small.prefab using Guid(8f445961f3af4734eab6b615aef5f1e5) Importer(815301076,1909f56bfc062723c751e8b465ee728b)  -> (artifact id: 'e0754b362392ce8b3017e338b0e45926') in 0.017093 seconds
  Import took 0.020369 seconds .

========================================================================
Received Import Request.
  Time since last request: 0.000278 seconds.
  path: Assets/Enemy_Spikeball/Prefabs/Spikeball_Big.prefab
  artifactKey: Guid(97ef08cc7411beb4b833c8331d89702f) Importer(815301076,1909f56bfc062723c751e8b465ee728b)
Start importing Assets/Enemy_Spikeball/Prefabs/Spikeball_Big.prefab using Guid(97ef08cc7411beb4b833c8331d89702f) Importer(815301076,1909f56bfc062723c751e8b465ee728b)  -> (artifact id: 'd9533d7a8da8c7c0f9236c5790177418') in 0.018605 seconds
  Import took 0.021985 seconds .

========================================================================
Received Prepare
Registering precompiled user dll's ...
Registered in 0.001292 seconds.
Begin MonoManager ReloadAssembly
Native extension for OSXStandalone target not found
Native extension for WebGL target not found
Refreshing native plugins compatible for Editor in 0.34 ms, found 1 plugins.
Preloading 0 native plugins for Editor in 0.00 ms.
Invoked RoslynAnalysisRunner static constructor.
RoslynAnalysisRunner will not be running.
RoslynAnalysisRunner has terminated.
Mono: successfully reloaded assembly
- Completed reload, in  1.547 seconds
Platform modules already initialized, skipping
Shader 'Custom/AdditiveTintable': fallback shader 'Particles/Additive (Soft)' not found
Refreshing native plugins compatible for Editor in 0.35 ms, found 1 plugins.
Preloading 0 native plugins for Editor in 0.00 ms.
Unloading 1294 Unused Serialized files (Serialized files now loaded: 0)
System memory in use before: 182.7 MB.
System memory in use after: 182.6 MB.

Unloading 9 unused Assets to reduce memory usage. Loaded Objects now: 1877.
Total: 3.066872 ms (FindLiveObjects: 0.342129 ms CreateObjectMapping: 0.082330 ms MarkObjects: 2.330072 ms  DeleteObjects: 0.310123 ms)

